
[28.06.2021 23:50:58] Jo: connected to chat.
[28.06.2021 23:51:11] Luci: connected to chat.
[28.06.2021 23:51:17] Luci: HI!
[28.06.2021 23:51:30] Uan: connected to chat.
[28.06.2021 23:51:34] Uan: Hello!
[28.06.2021 23:51:42] Odin: connected to chat.
[28.06.2021 23:51:51] Odin: Prrrrr!
[28.06.2021 23:52:00] Max: connected to chat.
[28.06.2021 23:52:09] Max: Ola! Prrr!
[28.06.2021 23:52:21] Jo: Mrrrrr prrrr...
[28.06.2021 23:52:32] Max: Urrrrrrr
[28.06.2021 23:52:38] Odin: PrrrUrrr
[28.06.2021 23:52:44] Uan: PPrrUUrrr
[28.06.2021 23:52:52] Luci: Mouuu
[28.06.2021 23:53:01] Uan: Fffff
[28.06.2021 23:53:06] Jo: <3
[28.06.2021 23:53:28] Max: /exit

[04.07.2021 15:35:02] Jo: connected to chat.
[04.07.2021 15:35:08] Jo: Hello!
[04.07.2021 15:36:03] Maks: connected to chat.
[04.07.2021 15:36:09] Maks: Ola!
[04.07.2021 15:36:22] Lysi: connected to chat.
[04.07.2021 15:36:28] Lysi: Hi!
[04.07.2021 15:36:39] Uan: connected to chat.
[04.07.2021 15:36:47] Uan: May!
[04.07.2021 15:36:54] User1: connected to chat.
[04.07.2021 15:37:03] Odin: connected to chat.
[04.07.2021 15:37:17] Odin: Jrrrrr!
[04.07.2021 15:37:40] User1: Mrrrrrrr....
[04.07.2021 15:37:46] Lysi: PrrrrPrrrr
[04.07.2021 15:37:53] Maks: URRRRRRRRR
[04.07.2021 15:38:01] Jo: <3
[04.07.2021 15:38:06] Jo: Prprprprpr
[04.07.2021 15:38:20] Jo: /exit